<?xml version="1.0" encoding="UTF-8"?>
<!-- Generated by org.testng.reporters.JUnitXMLReporter -->
<testsuite ignored="0" hostname="Prijays-MacBook-Pro.local" failures="0" tests="4" name="Default test" time="8.449" errors="0" timestamp="2021-02-02T11:07:45 EST">
  <testcase classname="com.api.tests.UsersTest" name="createUser" time="3.288"/>
  <testcase classname="com.api.tests.UsersTest" name="deleteUser" time="1.52"/>
  <testcase classname="com.api.tests.UsersTest" name="getUsers" time="1.503"/>
  <testcase classname="com.api.tests.UsersTest" name="updateUser" time="1.481"/>
</testsuite> <!-- Default test -->
